#
# There is insufficient memory for the Java Runtime Environment to continue.
# Native memory allocation (mmap) failed to map 132120576 bytes for G1 virtual space
# Possible reasons:
#   The system is out of physical RAM or swap space
#   The process is running with CompressedOops enabled, and the Java Heap may be blocking the growth of the native heap
# Possible solutions:
#   Reduce memory load on the system
#   Increase physical memory or swap space
#   Check if swap backing store is full
#   Decrease Java heap size (-Xmx/-Xms)
#   Decrease number of Java threads
#   Decrease Java thread stack sizes (-Xss)
#   Set larger code cache with -XX:ReservedCodeCacheSize=
#   JVM is running with Unscaled Compressed Oops mode in which the Java heap is
#     placed in the first 4GB address space. The Java Heap base address is the
#     maximum limit for the native heap growth. Please use -XX:HeapBaseMinAddress
#     to set the Java Heap base and to place the Java Heap above 4GB virtual address.
# This output file may be truncated or incomplete.
#
#  Out of Memory Error (os_windows.cpp:3466), pid=6520, tid=2040
#
# JRE version:  (16.0.1+9) (build )
# Java VM: Java HotSpot(TM) 64-Bit Server VM (16.0.1+9-24, mixed mode, sharing, tiered, compressed oops, compressed class ptrs, g1 gc, windows-amd64)
# No core dump will be written. Minidumps are not enabled by default on client versions of Windows
#

---------------  S U M M A R Y ------------

Command Line: Interface.VentanaPokedex

Host: Intel(R) Core(TM) i5-7200U CPU @ 2.50GHz, 4 cores, 7G,  Windows 10 , 64 bit Build 19041 (10.0.19041.1202)
Time: Sat Oct  9 22:37:33 2021 Hora estándar, América Central elapsed time: 0.014439 seconds (0d 0h 0m 0s)

---------------  T H R E A D  ---------------

Current thread (0x00000227e78d0200):  JavaThread "Unknown thread" [_thread_in_vm, id=2040, stack(0x000000f886a00000,0x000000f886b00000)]

Stack: [0x000000f886a00000,0x000000f886b00000]
Native frames: (J=compiled Java code, j=interpreted, Vv=VM code, C=native code)
V  [jvm.dll+0x6687ca]
V  [jvm.dll+0x7ca3c9]
V  [jvm.dll+0x7cbb53]
V  [jvm.dll+0x7cc1b3]
V  [jvm.dll+0x242ea5]
V  [jvm.dll+0x665589]
V  [jvm.dll+0x65a175]
V  [jvm.dll+0x2fc5ab]
V  [jvm.dll+0x3037a6]
V  [jvm.dll+0x352fee]
V  [jvm.dll+0x35321f]
V  [jvm.dll+0x2d3618]
V  [jvm.dll+0x2d4854]
V  [jvm.dll+0x79ccb1]
V  [jvm.dll+0x360de1]
V  [jvm.dll+0x77a990]
V  [jvm.dll+0x3e55af]
V  [jvm.dll+0x3e7081]
C  [jli.dll+0x52fb]
C  [ucrtbase.dll+0x21bb2]
C  [KERNEL32.DLL+0x17034]
C  [ntdll.dll+0x52651]


---------------  P R O C E S S  ---------------

Threads class SMR info:
_java_thread_list=0x00007ffea4d8cbb8, length=0, elements={
}

Java Threads: ( => current thread )

Other Threads:
  0x00000227e79106e0 GCTaskThread "GC Thread#0" [stack: 0x000000f886b00000,0x000000f886c00000] [id=7576]
  0x00000227e7921320 ConcurrentGCThread "G1 Main Marker" [stack: 0x000000f886c00000,0x000000f886d00000] [id=12296]
  0x00000227e7922530 ConcurrentGCThread "G1 Conc#0" [stack: 0x000000f886d00000,0x000000f886e00000] [id=9172]

[error occurred during error reporting (printing all threads), id 0xc0000005, EXCEPTION_ACCESS_VIOLATION (0xc0000005) at pc=0x00007ffea45644d7]

VM state: not at safepoint (not fully initialized)

VM Mutex/Monitor currently owned by a thread:  ([mutex/lock_event])
[0x00000227e78cca10] Heap_lock - owner thread: 0x00000227e78d0200

Heap address: 0x0000000082000000, size: 2016 MB, Compressed Oops mode: 32-bit

CDS archive(s) mapped at: [0x0000000000000000-0x0000000000000000-0x0000000000000000), size 0, SharedBaseAddress: 0x0000000800000000, ArchiveRelocationMode: 0.
Narrow klass base: 0x0000000000000000, Narrow klass shift: 0, Narrow klass range: 0x0

GC Precious Log:
<Empty>

Heap:
 garbage-first heap   total 0K, used 0K [0x0000000082000000, 0x0000000100000000)
  region size 1024K, 0 young (0K), 0 survivors (0K)

[error occurred during error reporting (printing heap information), id 0xc0000005, EXCEPTION_ACCESS_VIOLATION (0xc0000005) at pc=0x00007ffea49424ed]

GC Heap History (0 events):
No events

Deoptimization events (0 events):
No events

Classes unloaded (0 events):
No events

Classes redefined (0 events):
No events

Internal exceptions (0 events):
No events

Events (1 events):
Event: 0.008 Loaded shared library C:\Program Files\Java\jdk-16.0.1\bin\java.dll


Dynamic libraries:
0x00007ff7122e0000 - 0x00007ff7122f0000 	C:\Program Files\Java\jdk-16.0.1\bin\java.exe
0x00007ffeced10000 - 0x00007ffecef05000 	C:\WINDOWS\SYSTEM32\ntdll.dll
0x00007ffeccfc0000 - 0x00007ffecd07e000 	C:\WINDOWS\System32\KERNEL32.DLL
0x00007ffecc630000 - 0x00007ffecc8f9000 	C:\WINDOWS\System32\KERNELBASE.dll
0x00007ffecc9a0000 - 0x00007ffeccaa0000 	C:\WINDOWS\System32\ucrtbase.dll
0x00007ffec85f0000 - 0x00007ffec8609000 	C:\Program Files\Java\jdk-16.0.1\bin\VCRUNTIME140.dll
0x00007ffeadf00000 - 0x00007ffeadf18000 	C:\Program Files\Java\jdk-16.0.1\bin\jli.dll
0x00007ffecd860000 - 0x00007ffecd90c000 	C:\WINDOWS\System32\ADVAPI32.dll
0x00007ffeccd60000 - 0x00007ffeccdfe000 	C:\WINDOWS\System32\msvcrt.dll
0x00007ffecd6e0000 - 0x00007ffecd77b000 	C:\WINDOWS\System32\sechost.dll
0x00007ffecd970000 - 0x00007ffecda9a000 	C:\WINDOWS\System32\RPCRT4.dll
0x00007ffecea00000 - 0x00007ffeceba1000 	C:\WINDOWS\System32\USER32.dll
0x00007ffebfad0000 - 0x00007ffebfd6a000 	C:\WINDOWS\WinSxS\amd64_microsoft.windows.common-controls_6595b64144ccf1df_6.0.19041.1110_none_60b5254171f9507e\COMCTL32.dll
0x00007ffeccc00000 - 0x00007ffeccc22000 	C:\WINDOWS\System32\win32u.dll
0x00007ffecd080000 - 0x00007ffecd0ab000 	C:\WINDOWS\System32\GDI32.dll
0x00007ffecc520000 - 0x00007ffecc62b000 	C:\WINDOWS\System32\gdi32full.dll
0x00007ffecc900000 - 0x00007ffecc99d000 	C:\WINDOWS\System32\msvcp_win.dll
0x00007ffec3e80000 - 0x00007ffec3e8a000 	C:\WINDOWS\SYSTEM32\VERSION.dll
0x00007ffecd830000 - 0x00007ffecd860000 	C:\WINDOWS\System32\IMM32.DLL
0x00007ffec85a0000 - 0x00007ffec85ac000 	C:\Program Files\Java\jdk-16.0.1\bin\vcruntime140_1.dll
0x00007ffead860000 - 0x00007ffead8f1000 	C:\Program Files\Java\jdk-16.0.1\bin\msvcp140.dll
0x00007ffea4280000 - 0x00007ffea4e2b000 	C:\Program Files\Java\jdk-16.0.1\bin\server\jvm.dll
0x00007ffecce00000 - 0x00007ffecce08000 	C:\WINDOWS\System32\PSAPI.DLL
0x00007ffeb14e0000 - 0x00007ffeb1507000 	C:\WINDOWS\SYSTEM32\WINMM.dll
0x00007ffeb1520000 - 0x00007ffeb1529000 	C:\WINDOWS\SYSTEM32\WSOCK32.dll
0x00007ffecd670000 - 0x00007ffecd6db000 	C:\WINDOWS\System32\WS2_32.dll
0x00007ffecafb0000 - 0x00007ffecafc2000 	C:\WINDOWS\SYSTEM32\kernel.appcore.dll
0x00007ffec70f0000 - 0x00007ffec70fa000 	C:\Program Files\Java\jdk-16.0.1\bin\jimage.dll
0x00007ffeca9d0000 - 0x00007ffecabb4000 	C:\WINDOWS\SYSTEM32\DBGHELP.DLL
0x00007ffec3700000 - 0x00007ffec372c000 	C:\WINDOWS\SYSTEM32\dbgcore.DLL
0x00007ffecc490000 - 0x00007ffecc513000 	C:\WINDOWS\System32\bcryptPrimitives.dll
0x00007ffec60e0000 - 0x00007ffec6105000 	C:\Program Files\Java\jdk-16.0.1\bin\java.dll

dbghelp: loaded successfully - version: 4.0.5 - missing functions: none
symbol engine: initialized successfully - sym options: 0x614 - pdb path: .;C:\Program Files\Java\jdk-16.0.1\bin;C:\WINDOWS\SYSTEM32;C:\WINDOWS\WinSxS\amd64_microsoft.windows.common-controls_6595b64144ccf1df_6.0.19041.1110_none_60b5254171f9507e;C:\Program Files\Java\jdk-16.0.1\bin\server

VM Arguments:
java_command: Interface.VentanaPokedex
java_class_path (initial): C:\Users\ramos\Desktop\Pokemons\target\classes;C:\Users\ramos\.m2\repository\mysql\mysql-connector-java\8.0.26\mysql-connector-java-8.0.26.jar;C:\Users\ramos\.m2\repository\com\google\protobuf\protobuf-java\3.11.4\protobuf-java-3.11.4.jar;C:\Users\ramos\.m2\repository\net\sf\jasperreports\jasperreports\6.17.0\jasperreports-6.17.0.jar;C:\Users\ramos\.m2\repository\commons-beanutils\commons-beanutils\1.9.4\commons-beanutils-1.9.4.jar;C:\Users\ramos\.m2\repository\org\apache\commons\commons-collections4\4.2\commons-collections4-4.2.jar;C:\Users\ramos\.m2\repository\com\lowagie\itext\2.1.7.js8\itext-2.1.7.js8.jar;C:\Users\ramos\.m2\repository\org\bouncycastle\bcprov-jdk15on\1.64\bcprov-jdk15on-1.64.jar;C:\Users\ramos\.m2\repository\org\jfree\jcommon\1.0.23\jcommon-1.0.23.jar;C:\Users\ramos\.m2\repository\org\jfree\jfreechart\1.0.19\jfreechart-1.0.19.jar;C:\Users\ramos\.m2\repository\org\eclipse\jdt\ecj\3.21.0\ecj-3.21.0.jar;C:\Users\ramos\.m2\repository\org\codehaus\castor\castor-xml\1.4.1\castor-xml-1.4.1.jar;C:\Users\ramos\.m2\repository\org\codehaus\castor\castor-core\1.4.1\castor-core-1.4.1.jar;C:\Users\ramos\.m2\repository\org\apache\commons\commons-lang3\3.4\commons-lang3-3.4.jar;C:\Users\ramos\.m2\repository\javax\inject\javax.inject\1\javax.inject-1.jar;C:\Users\ramos\.m2\repository\com\fasterxml\jackson\core\jackson-core\2.12.2\jackson-core-2.12.2.jar;C:\Users\ramos\.m2\repository\com\fasterxml\jackson\core\jackson-databind\2.12.2\jackson-databind-2.12.2.jar;C:\Users\ramos\.m2\repository\com\fasterxml\jackson\core\jackson-annotations\2.12.2\jackson-annotations-2.12.2.jar;C:\Users\ramos\.m2\repository\org\netbeans\external\AbsoluteLayout\RELEASE90\AbsoluteLayout-RELEASE90.jar;C:\Users\ramos\.m2\repository\commons-collections\commons-collections\3.2.1\commons-collections-3.2.1.jar;C:\Users\ramos\.m2\repository\commons-digester\commons-digester\2.1\commons-digester-2.1.jar;C:\Users\ramos\.m2\repository\commons-logging\commons-logging\1
Launcher Type: SUN_STANDARD

[Global flags]
     intx CICompilerCount                          = 3                                         {product} {ergonomic}
     uint ConcGCThreads                            = 1                                         {product} {ergonomic}
     uint G1ConcRefinementThreads                  = 4                                         {product} {ergonomic}
   size_t G1HeapRegionSize                         = 1048576                                   {product} {ergonomic}
    uintx GCDrainStackTargetSize                   = 64                                        {product} {ergonomic}
   size_t InitialHeapSize                          = 132120576                                 {product} {ergonomic}
   size_t MarkStackSize                            = 4194304                                   {product} {ergonomic}
   size_t MaxHeapSize                              = 2113929216                                {product} {ergonomic}
   size_t MinHeapDeltaBytes                        = 1048576                                   {product} {ergonomic}
   size_t MinHeapSize                              = 8388608                                   {product} {ergonomic}
    uintx NonNMethodCodeHeapSize                   = 5832780                                {pd product} {ergonomic}
    uintx NonProfiledCodeHeapSize                  = 122912730                              {pd product} {ergonomic}
    uintx ProfiledCodeHeapSize                     = 122912730                              {pd product} {ergonomic}
    uintx ReservedCodeCacheSize                    = 251658240                              {pd product} {ergonomic}
     bool SegmentedCodeCache                       = true                                      {product} {ergonomic}
   size_t SoftMaxHeapSize                          = 2113929216                             {manageable} {ergonomic}
     bool UseCompressedClassPointers               = true                           {product lp64_product} {ergonomic}
     bool UseCompressedOops                        = true                           {product lp64_product} {ergonomic}
     bool UseG1GC                                  = true                                      {product} {ergonomic}
     bool UseLargePagesIndividualAllocation        = false                                  {pd product} {ergonomic}

Logging:
Log output configuration:
 #0: stdout all=warning uptime,level,tags
 #1: stderr all=off uptime,level,tags

Environment Variables:
JAVA_HOME=C:\Program Files\Java\jdk-16.0.1
CLASSPATH=.;C:\Program Files (x86)\QuickTime\QTSystem\QTJava.zip
PATH=C:\Program Files\Common Files\Oracle\Java\javapath;C:\Program Files (x86)\Common Files\Oracle\Java\javapath;C:\Program Files\Intel\iCLS Client\;C:\WINDOWS\system32;C:\WINDOWS;C:\WINDOWS\System32\Wbem;C:\WINDOWS\System32\WindowsPowerShell\v1.0\;C:\WINDOWS\System32\OpenSSH\;C:\Program Files (x86)\QuickTime\QTSystem\;C:\Program Files (x86)\Intel\Intel(R) Management Engine Components\DAL;C:\Program Files\Intel\Intel(R) Management Engine Components\DAL;C:\Program Files\Microsoft SQL Server\130\Tools\Binn\;C:\Program Files\Microsoft SQL Server\Client SDK\ODBC\170\Tools\Binn\;C:\Program Files (x86)\Microsoft SQL Server\150\Tools\Binn\;C:\Program Files\Microsoft SQL Server\150\Tools\Binn\;C:\Program Files\Microsoft SQL Server\150\DTS\Binn\;C:\Program Files\Azure Data Studio\bin;C:\Program Files\dotnet\;C:\Program Files (x86)\Microsoft SQL Server\150\DTS\Binn\;C:\Users\ramos\AppData\Local\Microsoft\WindowsApps;C:\ProgramData\ramos\atom\bin;C:\Users\ramos\AppData\Local\Microsoft\WindowsApps;;C:\Program Files\Azure Data Studio\bin;C:\Program Files\Azure Data Studio\bin;C:\Users\ramos\.dotnet\tools
USERNAME=ramos
OS=Windows_NT
PROCESSOR_IDENTIFIER=Intel64 Family 6 Model 142 Stepping 9, GenuineIntel



---------------  S Y S T E M  ---------------

OS:
 Windows 10 , 64 bit Build 19041 (10.0.19041.1202)
OS uptime: 4 days 2:21 hours
Hyper-V role detected

CPU: total 4 (initial active 4) (2 cores per cpu, 2 threads per core) family 6 model 142 stepping 9 microcode 0xb4, cx8, cmov, fxsr, ht, mmx, 3dnowpref, sse, sse2, sse3, ssse3, sse4.1, sse4.2, popcnt, lzcnt, tsc, tscinvbit, avx, avx2, aes, erms, clmul, bmi1, bmi2, adx, fma, vzeroupper, clflush, clflushopt, hv

Memory: 4k page, system-wide physical 8057M (1324M free)
TotalPageFile size 9954M (AvailPageFile size 107M)
current process WorkingSet (physical memory assigned to process): 10M, peak: 10M
current process commit charge ("private bytes"): 51M, peak: 177M

vm_info: Java HotSpot(TM) 64-Bit Server VM (16.0.1+9-24) for windows-amd64 JRE (16.0.1+9-24), built on Mar 26 2021 19:31:42 by "mach5one" with MS VC++ 16.7 (VS2019)

END.
